<?xml version="1.0" encoding="UTF-8"?>
<!-- Generated by org.testng.reporters.JUnitReportReporter -->
<testsuite hostname="LAPTOP-Q5G0TISP" failures="0" tests="1" name="runner.Runner" time="16.979" errors="0" timestamp="2025-01-31T22:11:29 IST" skipped="0">
  <testcase classname="runner.Runner" name="runScenario" time="16.979"/>
</testsuite> <!-- runner.Runner -->
