<?xml version="1.0" encoding="UTF-8"?>
<!-- Generated by org.testng.reporters.JUnitReportReporter -->
<testsuite hostname="LAPTOP-Q5G0TISP" failures="0" tests="2" name="testcases.LoginTest" time="68.381" errors="0" timestamp="2025-01-31T21:31:21 IST" skipped="0">
  <testcase classname="testcases.LoginTest" name="login" time="21.181"/>
  <testcase classname="testcases.LoginTest" name="login" time="47.200"/>
</testsuite> <!-- testcases.LoginTest -->
