<?xml version="1.0" encoding="UTF-8"?>
<!-- Generated by org.testng.reporters.JUnitReportReporter -->
<testsuite hostname="LAPTOP-Q5G0TISP" failures="0" tests="1" name="testcases.TestThree" time="12.004" errors="0" timestamp="2025-01-31T21:31:21 IST" skipped="0">
  <testcase classname="testcases.TestThree" name="testhree" time="12.004"/>
</testsuite> <!-- testcases.TestThree -->
